Determining if the Q_WS_WIN exist failed with the following output:
Change Dir: /home/danny/Dropbox/Fall2015/SoftwareDesign/P4/qtpong/CMakeFiles/CMakeTmp

Run Build Command:"/usr/bin/make" "cmTC_4de98/fast"
/usr/bin/make -f CMakeFiles/cmTC_4de98.dir/build.make CMakeFiles/cmTC_4de98.dir/build
make[1]: Entering directory '/home/danny/Dropbox/Fall2015/SoftwareDesign/P4/qtpong/CMakeFiles/CMakeTmp'
Building CXX object CMakeFiles/cmTC_4de98.dir/CheckSymbolExists.cxx.o
/usr/bin/c++    -I/usr/include/qt4   -o CMakeFiles/cmTC_4de98.dir/CheckSymbolExists.cxx.o -c /home/danny/Dropbox/Fall2015/SoftwareDesign/P4/qtpong/CMakeFiles/CMakeTmp/CheckSymbolExists.cxx
/home/danny/Dropbox/Fall2015/SoftwareDesign/P4/qtpong/CMakeFiles/CMakeTmp/CheckSymbolExists.cxx: In function ‘int main(int, char**)’:
/home/danny/Dropbox/Fall2015/SoftwareDesign/P4/qtpong/CMakeFiles/CMakeTmp/CheckSymbolExists.cxx:8:19: error: ‘Q_WS_WIN’ was not declared in this scope
   return ((int*)(&Q_WS_WIN))[argc];
                   ^~~~~~~~
make[1]: *** [CMakeFiles/cmTC_4de98.dir/build.make:66: CMakeFiles/cmTC_4de98.dir/CheckSymbolExists.cxx.o] Error 1
make[1]: Leaving directory '/home/danny/Dropbox/Fall2015/SoftwareDesign/P4/qtpong/CMakeFiles/CMakeTmp'
make: *** [Makefile:126: cmTC_4de98/fast] Error 2

File /home/danny/Dropbox/Fall2015/SoftwareDesign/P4/qtpong/CMakeFiles/CMakeTmp/CheckSymbolExists.cxx:
/* */
#include <QtCore/qglobal.h>

int main(int argc, char** argv)
{
  (void)argv;
#ifndef Q_WS_WIN
  return ((int*)(&Q_WS_WIN))[argc];
#else
  (void)argc;
  return 0;
#endif
}

Determining if the Q_WS_QWS exist failed with the following output:
Change Dir: /home/danny/Dropbox/Fall2015/SoftwareDesign/P4/qtpong/CMakeFiles/CMakeTmp

Run Build Command:"/usr/bin/make" "cmTC_e5b6b/fast"
/usr/bin/make -f CMakeFiles/cmTC_e5b6b.dir/build.make CMakeFiles/cmTC_e5b6b.dir/build
make[1]: Entering directory '/home/danny/Dropbox/Fall2015/SoftwareDesign/P4/qtpong/CMakeFiles/CMakeTmp'
Building CXX object CMakeFiles/cmTC_e5b6b.dir/CheckSymbolExists.cxx.o
/usr/bin/c++    -I/usr/include/qt4   -o CMakeFiles/cmTC_e5b6b.dir/CheckSymbolExists.cxx.o -c /home/danny/Dropbox/Fall2015/SoftwareDesign/P4/qtpong/CMakeFiles/CMakeTmp/CheckSymbolExists.cxx
/home/danny/Dropbox/Fall2015/SoftwareDesign/P4/qtpong/CMakeFiles/CMakeTmp/CheckSymbolExists.cxx: In function ‘int main(int, char**)’:
/home/danny/Dropbox/Fall2015/SoftwareDesign/P4/qtpong/CMakeFiles/CMakeTmp/CheckSymbolExists.cxx:8:19: error: ‘Q_WS_QWS’ was not declared in this scope
   return ((int*)(&Q_WS_QWS))[argc];
                   ^~~~~~~~
make[1]: *** [CMakeFiles/cmTC_e5b6b.dir/build.make:66: CMakeFiles/cmTC_e5b6b.dir/CheckSymbolExists.cxx.o] Error 1
make[1]: Leaving directory '/home/danny/Dropbox/Fall2015/SoftwareDesign/P4/qtpong/CMakeFiles/CMakeTmp'
make: *** [Makefile:126: cmTC_e5b6b/fast] Error 2

File /home/danny/Dropbox/Fall2015/SoftwareDesign/P4/qtpong/CMakeFiles/CMakeTmp/CheckSymbolExists.cxx:
/* */
#include <QtCore/qglobal.h>

int main(int argc, char** argv)
{
  (void)argv;
#ifndef Q_WS_QWS
  return ((int*)(&Q_WS_QWS))[argc];
#else
  (void)argc;
  return 0;
#endif
}

Determining if the Q_WS_MAC exist failed with the following output:
Change Dir: /home/danny/Dropbox/Fall2015/SoftwareDesign/P4/qtpong/CMakeFiles/CMakeTmp

Run Build Command:"/usr/bin/make" "cmTC_7322c/fast"
/usr/bin/make -f CMakeFiles/cmTC_7322c.dir/build.make CMakeFiles/cmTC_7322c.dir/build
make[1]: Entering directory '/home/danny/Dropbox/Fall2015/SoftwareDesign/P4/qtpong/CMakeFiles/CMakeTmp'
Building CXX object CMakeFiles/cmTC_7322c.dir/CheckSymbolExists.cxx.o
/usr/bin/c++    -I/usr/include/qt4   -o CMakeFiles/cmTC_7322c.dir/CheckSymbolExists.cxx.o -c /home/danny/Dropbox/Fall2015/SoftwareDesign/P4/qtpong/CMakeFiles/CMakeTmp/CheckSymbolExists.cxx
/home/danny/Dropbox/Fall2015/SoftwareDesign/P4/qtpong/CMakeFiles/CMakeTmp/CheckSymbolExists.cxx: In function ‘int main(int, char**)’:
/home/danny/Dropbox/Fall2015/SoftwareDesign/P4/qtpong/CMakeFiles/CMakeTmp/CheckSymbolExists.cxx:8:19: error: ‘Q_WS_MAC’ was not declared in this scope
   return ((int*)(&Q_WS_MAC))[argc];
                   ^~~~~~~~
make[1]: *** [CMakeFiles/cmTC_7322c.dir/build.make:66: CMakeFiles/cmTC_7322c.dir/CheckSymbolExists.cxx.o] Error 1
make[1]: Leaving directory '/home/danny/Dropbox/Fall2015/SoftwareDesign/P4/qtpong/CMakeFiles/CMakeTmp'
make: *** [Makefile:126: cmTC_7322c/fast] Error 2

File /home/danny/Dropbox/Fall2015/SoftwareDesign/P4/qtpong/CMakeFiles/CMakeTmp/CheckSymbolExists.cxx:
/* */
#include <QtCore/qglobal.h>

int main(int argc, char** argv)
{
  (void)argv;
#ifndef Q_WS_MAC
  return ((int*)(&Q_WS_MAC))[argc];
#else
  (void)argc;
  return 0;
#endif
}

